
Connected at 23.4.2021 21:36:36
chrispy at 23.4.2021 21:36:43 wrote: !cf
SadLearningMonkey at 23.4.2021 23:41:34 wrote: -play kanye white dress
Groovy at 23.4.2021 23:41:35 wrote: 

Connected at 23.4.2021 23:41:56

Connected at 23.4.2021 23:42:3
chrispy at 23.4.2021 23:42:9 wrote: haha
CalutulBot at 23.4.2021 23:42:9 wrote: <@264060661917679617>, **LONGUS DICKUS IS BACK BITCHES**
SadLearningMonkey at 23.4.2021 23:45:12 wrote: -play 30 hourse
CalutulBot at 23.4.2021 23:45:12 wrote: <@260443019365318656>, **IMMORTAL MID WEEEE**
Groovy at 23.4.2021 23:45:13 wrote: 
SadLearningMonkey at 23.4.2021 23:47:2 wrote: -play saint pablo
Groovy at 23.4.2021 23:47:4 wrote: 
Afroditaaaaa at 23.4.2021 23:50:9 wrote: 
SadLearningMonkey at 23.4.2021 23:50:23 wrote: -play good news mac  miller
Groovy at 23.4.2021 23:50:23 wrote: 
SadLearningMonkey at 23.4.2021 23:50:30 wrote: -play devil in a new dress
Groovy at 23.4.2021 23:50:32 wrote: 
Groovy at 23.4.2021 23:50:37 wrote: 
Groovy at 23.4.2021 23:56:50 wrote: 
Groovy at 24.4.2021 0:3:28 wrote: 
SadLearningMonkey at 24.4.2021 0:12:39 wrote: -play runaway
Groovy at 24.4.2021 0:12:40 wrote: 
SadLearningMonkey at 24.4.2021 0:12:43 wrote: -stop
SadLearningMonkey at 24.4.2021 0:12:50 wrote: -play rnawway kanye west
Groovy at 24.4.2021 0:12:51 wrote: 
SadLearningMonkey at 24.4.2021 0:12:56 wrote: -stop
SadLearningMonkey at 24.4.2021 0:17:43 wrote: -play https://www.youtube.com/watch?v=cv1naUa3_3g
Groovy at 24.4.2021 0:17:44 wrote: 
SadLearningMonkey at 24.4.2021 0:17:55 wrote: -play https://www.youtube.com/watch?v=cv1naUa3_3g
Groovy at 24.4.2021 0:17:56 wrote: 
SadLearningMonkey at 24.4.2021 0:21:7 wrote: -play https://open.spotify.com/track/3DK6m7It6Pw857FcQftMds?si=cmg31spuR2Kw4OKl2-vVJg
Groovy at 24.4.2021 0:21:7 wrote: 
Groovy at 24.4.2021 0:45:18 wrote: 
chrispy at 24.4.2021 1:18:8 wrote: -play o fut pe mamaie
Groovy at 24.4.2021 1:18:9 wrote: 
Groovy at 24.4.2021 1:35:20 wrote: 

Connected at 24.4.2021 20:20:6
chrispy at 24.4.2021 22:22:19 wrote: !emojify hello world i am a robot and i will fight for your kinks
CalutulBot at 24.4.2021 22:22:20 wrote: <@264060661917679617>, hello 👋 world 🌎 i am a 🅰️ robot 🤖 and i will fight for your kinks
DenisPrelipc at 25.4.2021 1:0:8 wrote: https://www.monitorulsv.ro/Local/2021-04-21/Primarul-din-Dornesti-face-un-trotuar-de-150-de-metri-cu-aproape-100000-de-euro
DenisPrelipc at 25.4.2021 1:0:50 wrote: 
SadLearningMonkey at 25.4.2021 1:6:42 wrote: @andrewp789 Miracle did nothing, his team did all the heavy lifting as usual. Miracle plays janitor dota, he last hits with simple combos.
chrispy at 25.4.2021 2:22:46 wrote: !mute <@!264060661917679617>
CalutulBot at 25.4.2021 2:22:46 wrote: User <@264060661917679617> got nay-nayed succesfully
chrispy at 25.4.2021 2:22:56 wrote: !unmute <@!264060661917679617>
CalutulBot at 25.4.2021 2:22:56 wrote: <@264060661917679617>, **MA DUC CU CRUSADERII MEI**
CalutulBot at 25.4.2021 2:22:57 wrote: User <@264060661917679617> got unmuted
chrispy at 25.4.2021 2:26:22 wrote: !no

Connected at 25.4.2021 14:55:10
DenisPrelipc at 25.4.2021 14:55:12 wrote: !cf
chrispy at 25.4.2021 14:57:36 wrote: !askkanye
bogdanila at 25.4.2021 16:10:40 wrote: Nu mai joc tarkov azi, nu mai am bani
bogdanila at 25.4.2021 18:30:52 wrote: https://www.youtube.com/watch?v=KZsVN8T1o2k&ab_channel=Trichromatic
bogdanila at 25.4.2021 19:0:27 wrote: 
chrispy at 25.4.2021 21:30:38 wrote: !toggleOn
CalutulBot at 25.4.2021 21:30:39 wrote: Always on mode is activated!
chrispy at 25.4.2021 21:30:40 wrote: !cf

Connected at 25.4.2021 21:35:54
chrispy at 25.4.2021 21:35:59 wrote: !wut
chrispy at 25.4.2021 21:36:6 wrote: !wat
chrispy at 25.4.2021 21:51:48 wrote: -play pretty boy joji
Groovy at 25.4.2021 21:51:49 wrote: 

Connected at 25.4.2021 22:23:23

Connected at 25.4.2021 22:44:40
chrispy at 25.4.2021 22:44:45 wrote: !cs
