
Connected at 23.4.2021 21:36:36
chrispy at 23.4.2021 21:36:43 wrote: !cf
SadLearningMonkey at 23.4.2021 23:41:34 wrote: -play kanye white dress
Groovy at 23.4.2021 23:41:35 wrote: 

Connected at 23.4.2021 23:41:56

Connected at 23.4.2021 23:42:3
chrispy at 23.4.2021 23:42:9 wrote: haha
CalutulBot at 23.4.2021 23:42:9 wrote: <@264060661917679617>, **LONGUS DICKUS IS BACK BITCHES**
SadLearningMonkey at 23.4.2021 23:45:12 wrote: -play 30 hourse
CalutulBot at 23.4.2021 23:45:12 wrote: <@260443019365318656>, **IMMORTAL MID WEEEE**
Groovy at 23.4.2021 23:45:13 wrote: 
SadLearningMonkey at 23.4.2021 23:47:2 wrote: -play saint pablo
Groovy at 23.4.2021 23:47:4 wrote: 
Afroditaaaaa at 23.4.2021 23:50:9 wrote: 
SadLearningMonkey at 23.4.2021 23:50:23 wrote: -play good news mac  miller
Groovy at 23.4.2021 23:50:23 wrote: 
SadLearningMonkey at 23.4.2021 23:50:30 wrote: -play devil in a new dress
Groovy at 23.4.2021 23:50:32 wrote: 
Groovy at 23.4.2021 23:50:37 wrote: 
Groovy at 23.4.2021 23:56:50 wrote: 
Groovy at 24.4.2021 0:3:28 wrote: 
SadLearningMonkey at 24.4.2021 0:12:39 wrote: -play runaway
Groovy at 24.4.2021 0:12:40 wrote: 
SadLearningMonkey at 24.4.2021 0:12:43 wrote: -stop
SadLearningMonkey at 24.4.2021 0:12:50 wrote: -play rnawway kanye west
Groovy at 24.4.2021 0:12:51 wrote: 
SadLearningMonkey at 24.4.2021 0:12:56 wrote: -stop
SadLearningMonkey at 24.4.2021 0:17:43 wrote: -play https://www.youtube.com/watch?v=cv1naUa3_3g
Groovy at 24.4.2021 0:17:44 wrote: 
SadLearningMonkey at 24.4.2021 0:17:55 wrote: -play https://www.youtube.com/watch?v=cv1naUa3_3g
Groovy at 24.4.2021 0:17:56 wrote: 
SadLearningMonkey at 24.4.2021 0:21:7 wrote: -play https://open.spotify.com/track/3DK6m7It6Pw857FcQftMds?si=cmg31spuR2Kw4OKl2-vVJg
Groovy at 24.4.2021 0:21:7 wrote: 
Groovy at 24.4.2021 0:45:18 wrote: 
chrispy at 24.4.2021 1:18:8 wrote: -play o fut pe mamaie
Groovy at 24.4.2021 1:18:9 wrote: 
Groovy at 24.4.2021 1:35:20 wrote: 

Connected at 24.4.2021 20:20:6
chrispy at 24.4.2021 22:22:19 wrote: !emojify hello world i am a robot and i will fight for your kinks
CalutulBot at 24.4.2021 22:22:20 wrote: <@264060661917679617>, hello 👋 world 🌎 i am a 🅰️ robot 🤖 and i will fight for your kinks
DenisPrelipc at 25.4.2021 1:0:8 wrote: https://www.monitorulsv.ro/Local/2021-04-21/Primarul-din-Dornesti-face-un-trotuar-de-150-de-metri-cu-aproape-100000-de-euro
DenisPrelipc at 25.4.2021 1:0:50 wrote: 
SadLearningMonkey at 25.4.2021 1:6:42 wrote: @andrewp789 Miracle did nothing, his team did all the heavy lifting as usual. Miracle plays janitor dota, he last hits with simple combos.
chrispy at 25.4.2021 2:22:46 wrote: !mute <@!264060661917679617>
CalutulBot at 25.4.2021 2:22:46 wrote: User <@264060661917679617> got nay-nayed succesfully
chrispy at 25.4.2021 2:22:56 wrote: !unmute <@!264060661917679617>
CalutulBot at 25.4.2021 2:22:56 wrote: <@264060661917679617>, **MA DUC CU CRUSADERII MEI**
CalutulBot at 25.4.2021 2:22:57 wrote: User <@264060661917679617> got unmuted
chrispy at 25.4.2021 2:26:22 wrote: !no

Connected at 25.4.2021 14:55:10
DenisPrelipc at 25.4.2021 14:55:12 wrote: !cf
chrispy at 25.4.2021 14:57:36 wrote: !askkanye
bogdanila at 25.4.2021 16:10:40 wrote: Nu mai joc tarkov azi, nu mai am bani
bogdanila at 25.4.2021 18:30:52 wrote: https://www.youtube.com/watch?v=KZsVN8T1o2k&ab_channel=Trichromatic
bogdanila at 25.4.2021 19:0:27 wrote: 
chrispy at 25.4.2021 21:30:38 wrote: !toggleOn
CalutulBot at 25.4.2021 21:30:39 wrote: Always on mode is activated!
chrispy at 25.4.2021 21:30:40 wrote: !cf

Connected at 25.4.2021 21:35:54
chrispy at 25.4.2021 21:35:59 wrote: !wut
chrispy at 25.4.2021 21:36:6 wrote: !wat
chrispy at 25.4.2021 21:51:48 wrote: -play pretty boy joji
Groovy at 25.4.2021 21:51:49 wrote: 

Connected at 25.4.2021 22:23:23

Connected at 25.4.2021 22:44:40
chrispy at 25.4.2021 22:44:45 wrote: !cs

Connected at 25.4.2021 22:55:18

Connected at 25.4.2021 23:53:2
chrispy at 25.4.2021 23:53:23 wrote: !toggleOn
CalutulBot at 25.4.2021 23:53:23 wrote: Always on mode is activated!
chrispy at 25.4.2021 23:53:26 wrote: !cs
chrispy at 25.4.2021 23:54:7 wrote: !help
CalutulBot at 25.4.2021 23:54:7 wrote: <@264060661917679617>, A list of helpful commands:
	Voice Commands:
		1. **!Calutul** -  Play a random sound from our esteemed sound library. If you are lucky you might eve get an ULTRA RARE reply. Can't go wrong with this.
		2. **!hi** -  Say hello to your friends in a fashionable manner.
		3. **!bye** -  Say goodbye to your friends in a fashionable manner.
		4. **!burp** -  Express your opinions with others in the voice channel. Just don't overuse this thx.
		5. ~~**!load / !unload** - Load and unload your metaphorical (but very real) shotgun to assert dominance over the betas.~~ Currently under maintenance
		6. **!reee** - Free the dodo birb. 
		7. **!heal / !dispel / !support** - He just needs his heals man what's so hard to understand? 
		8. **!range** - Express your disappointment when your teammates suck and give shitty excuses (eg. 'N-am avut range coaie').
		9. **!wtf** - Just wtf man. 
		10. **!ba** - PMA boys, PMA.
		11. **!terog** - Please refrain from talking in your moms puss. 
		12. **!birb** - Oh boy that Phoenix just pressed his ult i wonder what calul is gonna say
CalutulBot at 25.4.2021 23:54:7 wrote: <@264060661917679617>, 
		13. **!askKanye** - Ask Kanye West a question and the man himself will come up with an intelligent (but not really) answer.
		14. **!autohelp** - A list of automatically generated commands.
		Feel free to suggest other obnoxious voicelines in chrispy's DMs
	Text Commands:
		1. **!help** - List a (sorf of) helpful commands for CalutulBot
		2. **!autohelp** - Check out the automatically generated commands for voicelines.
		3. **!latin** <your text here> - Ask CalutulBot to enlighten you with his latin.
		4. **!emojify** <your text here> - Ask CalutulBot to bring about the end of the world. 
	Admin Commands:
		1. **!kick** <tagged user here> - When someone's been a very naughty boy.
		2. **!mute** <tagged user here> - Indefinitely mute someone acting like a moron in the voice chat.
		3. **!unmute** <tagged user here> - Forgive said moron and grant them the right to talk again.
		4. **!enableFilter/!disableFilter** - Enables/Disables the word filter (disabled by default).
	Internal Currency(under development!)
CalutulBot at 25.4.2021 23:54:8 wrote: <@264060661917679617>, 
		Create your very own CalutulBankAccount and use CalutuCoins to add spice to your discord server experience!
		_Note: These commands are likely going to change / become obsolete / cause headaches in the near future. If the latter one happens, feel free to check the link below._
		1. **!bankCreate** - Start the right way by setting up your account.
		2. **!bankStatus** - Check your current funds.
		3. **!bankSet** - Set your current funds to whatever you like.
		4. **!bankAdd** - Add funds to your account.
		5. **!bankDelete** - Delete your CalutulBankAccount. Careful with this one!
For any conveniences, watch this easy how-to video: <https://www.youtube.com/watch?v=dQw4w9WgXcQ>



For any **actual** problems or bugs, contact @chrispy asap
chrispy at 25.4.2021 23:55:59 wrote: !autohelp
CalutulBot at 25.4.2021 23:55:59 wrote: <@264060661917679617>, Automatically generated commands:
1. **!boom**
2. **!cf**
3. **!cs**
4. **!gangsta**
5. **!gossip**
6. **!heheboi**
7. **!hm**
8. **!hot**
9. **!jucat**
10. **!mmm**
11. **!nice**
12. **!no**
13. **!nut**
14. **!oke**
15. **!omg**
16. **!pardon**
17. **!queen**
18. **!rub**
19. **!spit**
20. **!spittt**
21. **!vb**
22. **!vbb**
23. **!wat**
24. **!whygay**
25. **!whyrun**
26. **!yes**

Connected at 25.4.2021 23:56:19
chrispy at 25.4.2021 23:56:22 wrote: !autohelp
CalutulBot at 25.4.2021 23:56:22 wrote: <@264060661917679617>, sugi pla si mori
CalutulBot at 25.4.2021 23:56:23 wrote: <@264060661917679617>, Automatically generated commands:
1. **!boom**
2. **!cf**
3. **!cs**
4. **!gangsta**
5. **!gossip**
6. **!heheboi**
7. **!hm**
8. **!hot**
9. **!jucat**
10. **!mmm**
11. **!nice**
12. **!no**
13. **!nut**
14. **!oke**
15. **!omg**
16. **!pardon**
17. **!queen**
18. **!rub**
19. **!spit**
20. **!spittt**
21. **!vb**
22. **!vbb**
23. **!wat**
24. **!whygay**
25. **!whyrun**
26. **!yes**

Connected at 25.4.2021 23:57:25
chrispy at 25.4.2021 23:57:28 wrote: !autohelp
CalutulBot at 25.4.2021 23:57:28 wrote: <@264060661917679617>, Automatically generated commands:
1. **!**

Connected at 27.4.2021 2:8:17
chrispy at 27.4.2021 2:8:20 wrote: !askkanye
chrispy at 27.4.2021 2:9:56 wrote: -play go to sleep radiohead
CalutulBot at 27.4.2021 2:9:56 wrote: <@264060661917679617>, hai pa
Groovy at 27.4.2021 2:9:57 wrote: 

Connected at 27.4.2021 2:16:28
chrispy at 27.4.2021 2:16:31 wrote: !askkanye
chrispy at 27.4.2021 2:16:42 wrote: !toggleon
CalutulBot at 27.4.2021 2:16:42 wrote: Always on mode is activated!
chrispy at 27.4.2021 2:16:46 wrote: !askkanye
chrispy at 27.4.2021 2:19:23 wrote: !askkanye
chrispy at 27.4.2021 2:19:29 wrote: !askkanye
chrispy at 27.4.2021 2:19:34 wrote: ok
CalutulBot at 27.4.2021 2:19:34 wrote: <@264060661917679617>, eeeeee
chrispy at 27.4.2021 2:19:40 wrote: ba calule
Monkyyy at 27.4.2021 2:19:43 wrote: !askkante
Monkyyy at 27.4.2021 2:19:46 wrote: !askkante
chrispy at 27.4.2021 2:19:50 wrote: !askkanye
Monkyyy at 27.4.2021 2:19:51 wrote: !askkanye
CalutulBot at 27.4.2021 2:19:51 wrote: <@260443019365318656>, ba luca da te o intrebat cineva?
chrispy at 27.4.2021 2:20:22 wrote: !askkanye
CalutulBot at 27.4.2021 2:20:22 wrote: <@264060661917679617>,
chrispy at 27.4.2021 2:20:37 wrote: !askkanye
Groovy at 27.4.2021 2:28:21 wrote: 
chrispy at 27.4.2021 2:53:32 wrote: !toggleoff
CalutulBot at 27.4.2021 2:53:32 wrote: <@264060661917679617>, sugi pla si mori
CalutulBot at 27.4.2021 2:53:32 wrote: Always on mode is deactivated!

Connected at 27.4.2021 18:21:6
chrispy at 27.4.2021 18:21:11 wrote: !calutul
CalutulBot at 27.4.2021 18:21:12 wrote: <@264060661917679617>, stii gluma cu timpu?
chrispy at 27.4.2021 18:21:25 wrote: !calutul
chrispy at 27.4.2021 18:21:34 wrote: !calutul
chrispy at 27.4.2021 18:21:42 wrote: !askkanye
chrispy at 27.4.2021 18:21:53 wrote: !toggleon
CalutulBot at 27.4.2021 18:21:54 wrote: Always on mode is activated!
chrispy at 27.4.2021 18:22:0 wrote: !bawawiwa
chrispy at 27.4.2021 18:22:10 wrote: !autohelp
CalutulBot at 27.4.2021 18:22:10 wrote: <@264060661917679617>,
CalutulBot at 27.4.2021 18:22:10 wrote: <@264060661917679617>, Automatically generated commands:
1. **!boom**
2. **!cf**
3. **!cs**
4. **!gangsta**
5. **!gossip**
6. **!heheboi**
7. **!hm**
8. **!hot**
9. **!jucat**
10. **!mmm**
11. **!nice**
12. **!no**
13. **!nut**
14. **!oke**
15. **!omg**
16. **!pardon**
17. **!queen**
18. **!rub**
19. **!spit**
20. **!spittt**
21. **!vb**
22. **!vbb**
23. **!wat**
24. **!whygay**
25. **!whyrun**
26. **!yes**
chrispy at 27.4.2021 18:22:15 wrote: !help
CalutulBot at 27.4.2021 18:22:15 wrote: <@264060661917679617>, **IMMORTAL MID WEEEE**
CalutulBot at 27.4.2021 18:22:15 wrote: <@264060661917679617>, A list of helpful commands:
	Voice Commands:
		1. **!Calutul** -  Play a random sound from our esteemed sound library. If you are lucky you might eve get an ULTRA RARE reply. Can't go wrong with this.
		2. **!hi** -  Say hello to your friends in a fashionable manner.
		3. **!bye** -  Say goodbye to your friends in a fashionable manner.
		4. **!burp** -  Express your opinions with others in the voice channel. Just don't overuse this thx.
		5. ~~**!load / !unload** - Load and unload your metaphorical (but very real) shotgun to assert dominance over the betas.~~ Currently under maintenance
		6. **!reee** - Free the dodo birb. 
		7. **!heal / !dispel / !support** - He just needs his heals man what's so hard to understand? 
		8. **!range** - Express your disappointment when your teammates suck and give shitty excuses (eg. 'N-am avut range coaie').
		9. **!wtf** - Just wtf man. 
		10. **!ba** - PMA boys, PMA.
		11. **!terog** - Please refrain from talking in your moms puss. 
		12. **!birb** - Oh boy that Phoenix just pressed his ult i wonder what calul is gonna say
CalutulBot at 27.4.2021 18:22:16 wrote: <@264060661917679617>, 
		13. **!askKanye** - Ask Kanye West a question and the man himself will come up with an intelligent (but not really) answer.
		14. **!autohelp** - A list of automatically generated commands.
		Feel free to suggest other obnoxious voicelines in chrispy's DMs
	Text Commands:
		1. **!help** - List a (sorf of) helpful commands for CalutulBot
		2. **!autohelp** - Check out the automatically generated commands for voicelines.
		3. **!latin** <your text here> - Ask CalutulBot to enlighten you with his latin.
		4. **!emojify** <your text here> - Ask CalutulBot to bring about the end of the world. 
	Admin Commands:
		1. **!kick** <tagged user here> - When someone's been a very naughty boy.
		2. **!mute** <tagged user here> - Indefinitely mute someone acting like a moron in the voice chat.
		3. **!unmute** <tagged user here> - Forgive said moron and grant them the right to talk again.
		4. **!enableFilter/!disableFilter** - Enables/Disables the word filter (disabled by default).
	Internal Currency(under development!)
CalutulBot at 27.4.2021 18:22:16 wrote: <@264060661917679617>, 
		Create your very own CalutulBankAccount and use CalutuCoins to add spice to your discord server experience!
		_Note: These commands are likely going to change / become obsolete / cause headaches in the near future. If the latter one happens, feel free to check the link below._
		1. **!bankCreate** - Start the right way by setting up your account.
		2. **!bankStatus** - Check your current funds.
		3. **!bankSet** - Set your current funds to whatever you like.
		4. **!bankAdd** - Add funds to your account.
		5. **!bankDelete** - Delete your CalutulBankAccount. Careful with this one!
For any conveniences, watch this easy how-to video: <https://www.youtube.com/watch?v=dQw4w9WgXcQ>



For any **actual** problems or bugs, contact @chrispy asap
chrispy at 27.4.2021 18:23:26 wrote: !reee
chrispy at 27.4.2021 18:23:43 wrote: !cs
bogdanila at 27.4.2021 18:25:24 wrote: !ba
bogdanila at 27.4.2021 18:25:47 wrote: !range
bogdanila at 27.4.2021 18:26:48 wrote: !bye
CalutulBot at 27.4.2021 18:26:48 wrote: <@!285066312068235267>, anton pla mica
Monkyyy at 27.4.2021 18:26:57 wrote: true
CalutulBot at 27.4.2021 18:26:57 wrote: <@260443019365318656>, rusii astia sunt asa prosti smr
bogdanila at 27.4.2021 18:27:23 wrote: !latin mama ta
CalutulBot at 27.4.2021 18:27:24 wrote: <@!285066312068235267>, eeeeee
CalutulBot at 27.4.2021 18:27:24 wrote: <@!285066312068235267>, mamaus taus
chrispy at 27.4.2021 18:31:33 wrote: !askkanye
Lucachu at 27.4.2021 18:54:38 wrote: https://youtu.be/mvz3LRK263E?t=212
CalutulBot at 27.4.2021 18:54:38 wrote: <@277375233609170944>, aha
Lucachu at 27.4.2021 18:54:51 wrote: k calutu
CalutulBot at 27.4.2021 18:54:51 wrote: <@277375233609170944>, aha
Lucachu at 27.4.2021 18:54:56 wrote: wow
CalutulBot at 27.4.2021 18:54:56 wrote: <@277375233609170944>, wawawiwa
Monkyyy at 27.4.2021 19:7:19 wrote: https://www.gameacces.com/forum/
chrispy at 27.4.2021 19:56:46 wrote: ok
chrispy at 27.4.2021 19:56:55 wrote: one
chrispy at 27.4.2021 19:56:56 wrote: in
chrispy at 27.4.2021 19:56:57 wrote: 5
CalutulBot at 27.4.2021 19:56:57 wrote: <@264060661917679617>, **TIMPULAMEA**
chrispy at 27.4.2021 19:57:0 wrote: msgs
chrispy at 27.4.2021 19:57:3 wrote: should
CalutulBot at 27.4.2021 19:57:4 wrote: <@264060661917679617>, wawawiwa
chrispy at 27.4.2021 19:57:7 wrote: have
CalutulBot at 27.4.2021 19:57:7 wrote: <@264060661917679617>, ba denis nici mie nu mi pasa xd
DenisPrelipc at 27.4.2021 20:3:9 wrote: -play 10 solomon
Groovy at 27.4.2021 20:3:10 wrote: 
DenisPrelipc at 27.4.2021 20:8:30 wrote: 
Groovy at 27.4.2021 20:20:35 wrote: 
chrispy at 27.4.2021 20:32:27 wrote: https://www.youtube.com/watch?v=nV9ObQmYOhg
chrispy at 27.4.2021 20:36:2 wrote: https://www.youtube.com/watch?v=IzsUwadFXJE
CalutulBot at 27.4.2021 20:36:2 wrote: <@264060661917679617>, m am lasat de dota, e un joc infect, recomand
chrispy at 27.4.2021 21:7:32 wrote: https://www.youtube.com/watch?v=5lnC9IFAJrc
CalutulBot at 27.4.2021 21:7:32 wrote: <@264060661917679617>,
Monkyyy at 27.4.2021 21:35:48 wrote: p
CalutulBot at 27.4.2021 21:35:48 wrote: <@260443019365318656>,
Monkyyy at 27.4.2021 21:35:56 wrote: p
Monkyyy at 27.4.2021 21:35:58 wrote: p
CalutulBot at 27.4.2021 21:35:59 wrote: <@260443019365318656>, bine ca esti tu destept
Monkyyy at 27.4.2021 21:36:1 wrote: p
Monkyyy at 27.4.2021 21:36:2 wrote: p
Monkyyy at 27.4.2021 21:36:3 wrote: p
Monkyyy at 27.4.2021 21:36:3 wrote: p
CalutulBot at 27.4.2021 21:36:4 wrote: <@260443019365318656>, rusii astia sunt asa prosti smr
Monkyyy at 27.4.2021 21:36:4 wrote: p
CalutulBot at 27.4.2021 21:36:4 wrote: <@260443019365318656>, wawawiwa

Connected at 27.4.2021 21:36:26
chrispy at 27.4.2021 21:36:30 wrote: te
CalutulBot at 27.4.2021 21:36:30 wrote: <@264060661917679617>, me and the boys xdddd
chrispy at 27.4.2021 21:36:30 wrote: rog
chrispy at 27.4.2021 21:37:27 wrote: !askkanye
CalutulBot at 27.4.2021 21:37:27 wrote: <@264060661917679617>, Vezi ca deja vorbesc ba
chrispy at 27.4.2021 21:37:37 wrote: !askkanye

Connected at 28.4.2021 18:8:50
chrispy at 28.4.2021 18:9:52 wrote: ooga booga
DenisPrelipc at 28.4.2021 18:29:37 wrote: !cf
Monkyyy at 28.4.2021 21:7:25 wrote: !terog
Monkyyy at 28.4.2021 21:7:33 wrote: !terog
Monkyyy at 28.4.2021 21:7:36 wrote: !terog
chrispy at 28.4.2021 21:8:2 wrote: !terog
chrispy at 28.4.2021 21:12:55 wrote: !spit
DenisPrelipc at 28.4.2021 22:13:34 wrote: 
DenisPrelipc at 28.4.2021 22:13:35 wrote: Zi de cacat
DenisPrelipc at 28.4.2021 22:13:39 wrote: Macar au iesit pastele bine
DenisPrelipc at 28.4.2021 23:26:51 wrote: eu nu ma mai joc
DenisPrelipc at 28.4.2021 23:26:52 wrote: mid
DenisPrelipc at 28.4.2021 23:26:53 wrote: in viata mea
Monkyyy at 28.4.2021 23:32:3 wrote: <@!196383392361611264> e okay am vazut meciul
Monkyyy at 28.4.2021 23:32:11 wrote: joci offlane daca vrei

Connected at 28.4.2021 23:56:18

Connected at 28.4.2021 23:56:39

Connected at 30.4.2021 1:39:29
chrispy at 30.4.2021 1:39:32 wrote: !gangsta
chrispy at 30.4.2021 1:39:40 wrote: !gangsta

Connected at 30.4.2021 1:39:53
chrispy at 30.4.2021 1:39:56 wrote: !help
DenisPrelipc at 30.4.2021 1:40:54 wrote: ???
chrispy at 30.4.2021 1:44:7 wrote: ??
DenisPrelipc at 30.4.2021 1:45:19 wrote: AA
DenisPrelipc at 30.4.2021 1:45:32 wrote: ce i cu
DenisPrelipc at 30.4.2021 1:45:34 wrote: omninight

Connected at 3.5.2021 21:50:44
chrispy at 3.5.2021 21:50:54 wrote: !test

Connected at 11.5.2021 18:9:25
chrispy at 11.5.2021 18:9:35 wrote: !no
chrispy at 11.5.2021 18:9:41 wrote: !toggleon
CalutulBot at 11.5.2021 18:9:41 wrote: Always on mode is activated!
chrispy at 11.5.2021 18:9:53 wrote: !askkanye cf manule
chrispy at 11.5.2021 18:10:5 wrote: !askkanye
Monkyyy at 11.5.2021 18:10:22 wrote: !askkanye
chrispy at 11.5.2021 18:10:32 wrote: !askkanye
chrispy at 11.5.2021 18:10:45 wrote: !askkanye
chrispy at 11.5.2021 18:11:4 wrote: !askkanye
chrispy at 11.5.2021 18:11:18 wrote: !askkanye
CalutulBot at 11.5.2021 18:11:19 wrote: <@264060661917679617>, bag pla n el de server
chrispy at 11.5.2021 18:11:27 wrote: !askkanye
CalutulBot at 11.5.2021 18:11:27 wrote: <@264060661917679617>, stii gluma cu timpu?
chrispy at 11.5.2021 18:11:43 wrote: !askkanye
chrispy at 11.5.2021 18:11:54 wrote: !askkanye
chrispy at 11.5.2021 18:12:7 wrote: !askkanye
Monkyyy at 11.5.2021 18:12:7 wrote: !askkanye
chrispy at 11.5.2021 18:12:17 wrote: !askkanye
chrispy at 11.5.2021 18:12:26 wrote: !askkanye
CalutulBot at 11.5.2021 18:12:26 wrote: <@264060661917679617>, va rog bagati l pe calutul pe server moare pe dinauntru this is a cry for help this is a cry for help this is a cry for help this is a cry for help
chrispy at 11.5.2021 18:12:53 wrote: !askkanye bruh
CalutulBot at 11.5.2021 18:12:53 wrote: <@264060661917679617>, da de ce sunteti rai cu calul
Monkyyy at 11.5.2021 18:13:15 wrote: !askkanye
chrispy at 11.5.2021 18:13:23 wrote: !askkanye
chrispy at 11.5.2021 18:13:37 wrote: !askkanye
chrispy at 11.5.2021 18:13:59 wrote: !askkanye
CalutulBot at 11.5.2021 18:14:0 wrote: <@264060661917679617>, wawawiwa
Monkyyy at 11.5.2021 18:14:38 wrote: !askkanye
chrispy at 11.5.2021 18:16:4 wrote: !randomKanye
CalutulBot at 11.5.2021 18:16:4 wrote: <@264060661917679617>, stii gluma cu timpu?
chrispy at 11.5.2021 18:24:6 wrote: !askkanye
CalutulBot at 11.5.2021 18:24:6 wrote: <@264060661917679617>, hai pa
Monkyyy at 11.5.2021 18:24:57 wrote: !askkanye
CalutulBot at 11.5.2021 18:24:57 wrote: <@260443019365318656>, taci in plm radu te crezi imortal da tot om esti prostule xd
Monkyyy at 11.5.2021 19:18:21 wrote: si apoi
Monkyyy at 11.5.2021 19:18:25 wrote: am sa ies dar doar
CalutulBot at 11.5.2021 19:18:26 wrote: <@260443019365318656>, fara statusuri cringe pls
Monkyyy at 11.5.2021 19:18:29 wrote: fuck
chrispy at 11.5.2021 19:18:31 wrote: xddddddddddddd
Monkyyy at 11.5.2021 19:18:36 wrote: m-a futut mehicalul
chrispy at 11.5.2021 19:18:39 wrote: coaie
CalutulBot at 11.5.2021 19:18:39 wrote: <@264060661917679617>, va rog bagati l pe calutul pe server moare pe dinauntru this is a cry for help this is a cry for help this is a cry for help this is a cry for help
chrispy at 11.5.2021 19:18:41 wrote: ti o dat o
CalutulBot at 11.5.2021 19:18:41 wrote: <@264060661917679617>, rusii astia sunt asa prosti smr
chrispy at 11.5.2021 19:27:16 wrote: "Da man matematica este foarte riguroasa nu lasa loc de interpretare"
CalutulBot at 11.5.2021 19:27:17 wrote: <@264060661917679617>, ba denis nici mie nu mi pasa xd
Monkyyy at 11.5.2021 19:56:58 wrote: !gangsta
Lucachu at 11.5.2021 20:57:44 wrote: <@!338337166243659777>
CalutulBot at 11.5.2021 20:57:44 wrote: <@277375233609170944>, fara statusuri cringe pls
Monkyyy at 11.5.2021 21:27:56 wrote: 
Lucachu at 11.5.2021 21:28:21 wrote: <@!264060661917679617> da roluri lu calu
Lucachu at 11.5.2021 21:28:30 wrote: poate binevoieste
CalutulBot at 11.5.2021 21:28:30 wrote: <@277375233609170944>, nu esti amuzant manule
Lucachu at 11.5.2021 21:28:40 wrote: bine
Lucachu at 11.5.2021 21:28:44 wrote: nu incercam
Lucachu at 11.5.2021 21:28:52 wrote: da ok <@!797193226154016768>
CalutulBot at 11.5.2021 21:28:52 wrote: <@277375233609170944>, 🖕
CalutulBot at 11.5.2021 21:28:52 wrote: <@277375233609170944>, 0 carry ezy :)
CalutzulIjos at 11.5.2021 21:29:25 wrote: <:Poggers:503329021078011923> ma uit la bleach man
CalutulBot at 11.5.2021 21:29:26 wrote: <@338337166243659777>, va rog bagati l pe calutul pe server moare pe dinauntru this is a cry for help this is a cry for help this is a cry for help this is a cry for help
CalutzulIjos at 11.5.2021 21:29:33 wrote: :))))))))))
ardx3000 at 11.5.2021 21:35:11 wrote: Vreau si eu botul calutul pe sv la mn
Lucachu at 11.5.2021 21:38:59 wrote: https://github.com/prelipceancristian/CalutulBot
Lucachu at 11.5.2021 21:39:5 wrote: <@!257543859121160192>
CalutulBot at 11.5.2021 21:39:5 wrote: <@277375233609170944>, vrei sa te mint manule?
Lucachu at 11.5.2021 21:39:15 wrote: intra acolo si pasii
Lucachu at 11.5.2021 21:39:21 wrote: courtesy to <@!264060661917679617>
Lucachu at 11.5.2021 21:39:50 wrote: si ai si pasii *
chrispy at 11.5.2021 21:40:19 wrote: Ahahahaha bafta
CalutulBot at 11.5.2021 21:40:20 wrote: <@264060661917679617>, va rog bagati l pe calutul pe server moare pe dinauntru this is a cry for help this is a cry for help this is a cry for help this is a cry for help
chrispy at 11.5.2021 21:40:31 wrote: Mulțumesc
Lucachu at 11.5.2021 21:40:42 wrote: aia cu ? si profit
Lucachu at 11.5.2021 21:40:45 wrote: pasii aia clari
CalutulBot at 11.5.2021 21:40:46 wrote: <@277375233609170944>, ba luca da te o intrebat cineva?
chrispy at 11.5.2021 21:40:51 wrote: Xdddddddddf
Lucachu at 11.5.2021 21:40:52 wrote: lmfaooooo
chrispy at 11.5.2021 21:40:58 wrote: Coaie xdd
CalutulBot at 11.5.2021 21:40:58 wrote: <@264060661917679617>, me and the boys xdddd
chrispy at 11.5.2021 21:41:5 wrote: Xdssddddllandnanznmaa
CalutulBot at 11.5.2021 21:41:5 wrote: <@264060661917679617>, eeeeee
CalutzulIjos at 11.5.2021 21:41:7 wrote: :))))))))))
chrispy at 11.5.2021 21:41:29 wrote: !terog
CalutulBot at 11.5.2021 21:41:29 wrote: <@264060661917679617>, de asta a iesit calul original de pe server

Connected at 11.5.2021 22:44:16
Cheesus Crust at 11.5.2021 23:16:33 wrote: 'Nea Zau a dat ghiol la tanti Maria deci
CalutulBot at 11.5.2021 23:16:33 wrote: <@137565818597801986>, ba denis nici mie nu mi pasa xd
CalutzulIjos at 11.5.2021 23:17:2 wrote: ba denis nici mie nu mi pasa xd
CalutulBot at 11.5.2021 23:17:2 wrote: <@338337166243659777>, anton pla mica
Lucachu at 11.5.2021 23:17:17 wrote: ba denis nici mie nu mi pasa xd
CalutulBot at 11.5.2021 23:17:18 wrote: <@277375233609170944>, tineti cu luca bv :)
CalutzulIjos at 11.5.2021 23:17:33 wrote: tineti cu luca bv 🙂
Lucachu at 11.5.2021 23:17:50 wrote: tineti cu luca bv 🙂
CalutulBot at 11.5.2021 23:17:50 wrote: <@277375233609170944>, da de ce sunteti rai cu calul
DenisPrelipc at 11.5.2021 23:26:59 wrote: -play Daniel Iancu - Vine Valu Imi Ia Calu
Groovy at 11.5.2021 23:27:0 wrote: 
Lucachu at 11.5.2021 23:31:38 wrote: -play vine denis imi ia penis
Groovy at 11.5.2021 23:31:38 wrote: 
Groovy at 11.5.2021 23:31:45 wrote: 
Lucachu at 11.5.2021 23:31:49 wrote: -stop
Lucachu at 11.5.2021 23:32:34 wrote: pardon
CalutulBot at 11.5.2021 23:32:34 wrote: <@277375233609170944>, taci in plm radu te crezi imortal da tot om esti prostule xd
DenisPrelipc at 11.5.2021 23:41:39 wrote: -play ma cheama lucachu sugaciu
Groovy at 11.5.2021 23:41:39 wrote: 
Groovy at 11.5.2021 23:46:49 wrote: 
niggas in vicov at 12.5.2021 1:2:37 wrote: i achieved absolute edge GG
niggas in vicov at 12.5.2021 1:3:14 wrote: muzica e faina totusi
CalutulBot at 12.5.2021 1:3:15 wrote: <@834111499072700458>, stii gluma cu timpu?
niggas in vicov at 12.5.2021 1:3:18 wrote: sugi
CalutulBot at 12.5.2021 1:3:18 wrote: <@834111499072700458>, eeeeee
niggas in vicov at 12.5.2021 1:3:39 wrote: pana ajungi in timp

Connected at 12.5.2021 17:36:33
chrispy at 12.5.2021 17:36:52 wrote: !burp
CalutulBot at 12.5.2021 17:36:53 wrote: <@264060661917679617>, Only once lmao
on the edge of the brisk of edgy at 12.5.2021 19:44:18 wrote: https://tenor.com/view/mental-health-terrific-elijah-depression-gif-12839229
chrispy at 12.5.2021 20:14:50 wrote: !autohelp
CalutulBot at 12.5.2021 20:14:51 wrote: <@264060661917679617>, Automatically generated commands:
1. **!boom**
2. **!cf**
3. **!cs**
4. **!gangsta**
5. **!gossip**
6. **!heheboi**
7. **!hm**
8. **!hot**
9. **!jucat**
10. **!mmm**
11. **!nice**
12. **!no**
13. **!nut**
14. **!oke**
15. **!omg**
16. **!pardon**
17. **!queen**
18. **!rub**
19. **!spit**
20. **!spittt**
21. **!vb**
22. **!vbb**
23. **!wat**
24. **!whygay**
25. **!whyrun**
26. **!yes**
chrispy at 12.5.2021 20:15:1 wrote: !mmm
CalutulBot at 12.5.2021 20:15:1 wrote: <@264060661917679617>, anton pla mica
chrispy at 12.5.2021 20:15:21 wrote: !toggleon
CalutulBot at 12.5.2021 20:15:22 wrote: Always on mode is activated!
chrispy at 12.5.2021 20:15:23 wrote: !askkanye
CalutulBot at 12.5.2021 20:15:24 wrote: <@264060661917679617>, taci in plm radu te crezi imortal da tot om esti prostule xd
Monkyyy at 12.5.2021 20:16:2 wrote: !ok
CalutulBot at 12.5.2021 20:16:2 wrote: <@260443019365318656>, nu esti amuzant manule
Monkyyy at 12.5.2021 20:16:12 wrote: !terog
chrispy at 12.5.2021 20:16:28 wrote: !spit
chrispy at 12.5.2021 20:20:12 wrote: !help
CalutulBot at 12.5.2021 20:20:13 wrote: <@264060661917679617>, A list of helpful commands:
	Voice Commands:
		1. **!Calutul** -  Play a random sound from our esteemed sound library. If you are lucky you might eve get an ULTRA RARE reply. Can't go wrong with this.
		2. **!hi** -  Say hello to your friends in a fashionable manner.
		3. **!bye** -  Say goodbye to your friends in a fashionable manner.
		4. **!burp** -  Express your opinions with others in the voice channel. Just don't overuse this thx.
		5. ~~**!load / !unload** - Load and unload your metaphorical (but very real) shotgun to assert dominance over the betas.~~ Currently under maintenance
		6. **!reee** - Free the dodo birb. 
		7. **!heal / !dispel / !support** - He just needs his heals man what's so hard to understand? 
		8. **!range** - Express your disappointment when your teammates suck and give shitty excuses (eg. 'N-am avut range coaie').
		9. **!wtf** - Just wtf man. 
		10. **!ba** - PMA boys, PMA.
		11. **!terog** - Please refrain from talking in your moms puss. 
		12. **!birb** - Oh boy that Phoenix just pressed his ult i wonder what calul is gonna say
CalutulBot at 12.5.2021 20:20:13 wrote: <@264060661917679617>, 
		13. **!askKanye** - Ask Kanye West a question and the man himself will come up with an intelligent (but not really) answer.
		14. **!autohelp** - A list of automatically generated commands.
		Feel free to suggest other obnoxious voicelines in chrispy's DMs
	Text Commands:
		1. **!help** - List a (sorf of) helpful commands for CalutulBot
		2. **!autohelp** - Check out the automatically generated commands for voicelines.
		3. **!latin** <your text here> - Ask CalutulBot to enlighten you with his latin.
		4. **!emojify** <your text here> - Ask CalutulBot to bring about the end of the world. 
	Admin Commands:
		1. **!kick** <tagged user here> - When someone's been a very naughty boy.
		2. **!mute** <tagged user here> - Indefinitely mute someone acting like a moron in the voice chat.
		3. **!unmute** <tagged user here> - Forgive said moron and grant them the right to talk again.
		4. **!enableFilter/!disableFilter** - Enables/Disables the word filter (disabled by default).
	Internal Currency(under development!)
CalutulBot at 12.5.2021 20:20:13 wrote: <@264060661917679617>, 
		Create your very own CalutulBankAccount and use CalutuCoins to add spice to your discord server experience!
		_Note: These commands are likely going to change / become obsolete / cause headaches in the near future. If the latter one happens, feel free to check the link below._
		1. **!bankCreate** - Start the right way by setting up your account.
		2. **!bankStatus** - Check your current funds.
		3. **!bankSet** - Set your current funds to whatever you like.
		4. **!bankAdd** - Add funds to your account.
		5. **!bankDelete** - Delete your CalutulBankAccount. Careful with this one!
For any conveniences, watch this easy how-to video: <https://www.youtube.com/watch?v=dQw4w9WgXcQ>



For any **actual** problems or bugs, contact @chrispy asap
CalutzulIjos at 12.5.2021 21:9:26 wrote: 
CalutulBot at 12.5.2021 21:9:26 wrote: <@338337166243659777>, **IMMORTAL MID WEEEE**
CalutzulIjos at 12.5.2021 21:19:12 wrote: tqci ze
CalutzulIjos at 12.5.2021 21:20:7 wrote: <@!797193226154016768>  zi cva tilting te rog eu
CalutulBot at 12.5.2021 21:20:7 wrote: <@338337166243659777>, 🖕
CalutzulIjos at 12.5.2021 21:20:10 wrote: tilt
CalutulBot at 12.5.2021 21:20:10 wrote: <@338337166243659777>, taci in plm radu te crezi imortal da tot om esti prostule xd
CalutzulIjos at 12.5.2021 21:20:12 wrote: asa
CalutzulIjos at 12.5.2021 21:20:14 wrote: asaaaaaaaaaaaaaaa
CalutzulIjos at 12.5.2021 22:51:27 wrote: zi ceva
CalutzulIjos at 12.5.2021 22:51:32 wrote: <@!797193226154016768>
CalutulBot at 12.5.2021 22:51:33 wrote: <@338337166243659777>, 🖕
CalutzulIjos at 12.5.2021 22:51:51 wrote: 20 de ani <@!797193226154016768>
CalutulBot at 12.5.2021 22:51:51 wrote: <@338337166243659777>, 🖕
CalutzulIjos at 12.5.2021 22:51:56 wrote: ai 20 de ani ?
CalutulBot at 12.5.2021 22:51:57 wrote: <@338337166243659777>, ba luca da te o intrebat cineva?
CalutzulIjos at 12.5.2021 22:52:1 wrote: :)))))))))))))))
Lucachu at 12.5.2021 22:54:8 wrote: sugi pla si mori
CalutulBot at 12.5.2021 22:54:8 wrote: <@277375233609170944>, de asta a iesit calul original de pe server
Lucachu at 12.5.2021 22:54:18 wrote: scz gata
CalutzulIjos at 12.5.2021 22:54:31 wrote: :))))))))))))
CalutzulIjos at 12.5.2021 22:54:34 wrote: lucaaaaaaaaaaaaaaaaaaaa
CalutzulIjos at 12.5.2021 22:54:41 wrote: 0 carry ezy
CalutulBot at 12.5.2021 22:54:42 wrote: <@338337166243659777>, hola hombre
Lucachu at 12.5.2021 22:54:49 wrote: mama ta
CalutzulIjos at 12.5.2021 22:54:52 wrote: e
CalutzulIjos at 12.5.2021 22:54:55 wrote: florareasaaaaaaaaaa
Lucachu at 12.5.2021 22:55:6 wrote: e o femeie
CalutzulIjos at 12.5.2021 22:55:14 wrote: smr tu ?
CalutulBot at 12.5.2021 22:55:14 wrote: <@338337166243659777>, eeeeee
Lucachu at 12.5.2021 22:55:17 wrote: onesta si bine crescuta
CalutzulIjos at 12.5.2021 22:55:22 wrote: si altceva?
CalutulBot at 12.5.2021 22:55:23 wrote: <@338337166243659777>, **IMMORTAL MID WEEEE**
CalutzulIjos at 12.5.2021 22:55:28 wrote: asaaaaaaaa
bogdanila at 12.5.2021 22:55:38 wrote: !terog
CalutzulIjos at 12.5.2021 22:55:53 wrote: !te rog
CalutulBot at 12.5.2021 22:55:53 wrote: <@338337166243659777>, **COWEN**
bogdanila at 12.5.2021 22:55:58 wrote: !heal
CalutzulIjos at 12.5.2021 22:56:9 wrote: !Calutul
CalutzulIjos at 12.5.2021 22:56:22 wrote: !Calutul
bogdanila at 12.5.2021 22:56:38 wrote: !wtf
Cancerică at 13.5.2021 0:1:21 wrote: https://www.twitch.tv/krypto_nat

Connected at 19.5.2021 21:22:58
Cancerică at 19.5.2021 21:23:20 wrote: !SPITTT
Cancerică at 19.5.2021 21:23:26 wrote: !spit
Lucachu at 19.5.2021 21:24:42 wrote: !terog
Mihai at 19.5.2021 21:29:34 wrote: https://www.youtube.com/watch?v=8lg7PNxRKu0&ab_channel=NoobFromUA

Connected at 19.5.2021 21:44:22
chrispy at 19.5.2021 21:44:30 wrote: !beatiful
CalutulBot at 19.5.2021 21:44:30 wrote: <@264060661917679617>, **OMAO O SHINGERO**
chrispy at 19.5.2021 21:44:38 wrote: !beautiful
CalutulBot at 19.5.2021 21:44:38 wrote: <@264060661917679617>, hai pa

Connected at 19.5.2021 22:22:56
chrispy at 19.5.2021 22:23:3 wrote: !shoplist
At 19.5.2021 23:16:27, the user with the id 264060661917679617 bought item First premium sound (id: 1) for 1000 CalutulCoins
At 19.5.2021 23:33:30, the user with the id 264060661917679617 bought item First premium sound (id: 1) for 1000 CalutulCoins
At 19.5.2021 23:35:7, the user with the id 264060661917679617 bought item First premium sound (id: 1) for 1000 CalutulCoins
At 19.5.2021 23:36:35, the user with the id 264060661917679617 bought item First premium sound (id: 1) for 1000 CalutulCoins
At 20.5.2021 1:2:49, the user with the id 264060661917679617 bought item Second premium sound (id: 2) for 1000 CalutulCoins
At 20.5.2021 1:5:24, the user with the id 264060661917679617 sold item First premium sound (id: 1) for 1000 CalutulCoins
At 20.5.2021 1:5:45, the user with the id 264060661917679617 sold item Second premium sound (id: 2) for 1000 CalutulCoins
At 20.5.2021 1:5:51, the user with the id 264060661917679617 bought item First premium sound (id: 1) for 1000 CalutulCoins
At 20.5.2021 1:6:45, the user with the id 264060661917679617 sold item First premium sound (id: 1) for 1000 CalutulCoins
At 20.5.2021 1:7:1, the user with the id 264060661917679617 bought item First premium sound (id: 1) for 1000 CalutulCoins
At 20.5.2021 1:7:4, the user with the id 264060661917679617 bought item Second premium sound (id: 2) for 1000 CalutulCoins
At 20.5.2021 12:54:53, the user with the id 264060661917679617 sold item First premium sound (id: 1) for 1000 CalutulCoins
At 20.5.2021 15:59:33, the user with the id 264060661917679617 bought item First premium sound (id: 1) for 1000 CalutulCoins
At 20.5.2021 20:35:59, the user with the id 264060661917679617 sold item First premium sound (id: 1) for 1000 CalutulCoins
At 20.5.2021 20:49:54, the user with the id 264060661917679617 bought item First premium sound (id: 1) for 1000 CalutulCoins
At 20.5.2021 20:49:57, the user with the id 264060661917679617 sold item First premium sound (id: 1) for 1000 CalutulCoins
At 20.5.2021 20:50:12, the user with the id 264060661917679617 bought item First premium sound (id: 1) for 1000 CalutulCoins
At 22.5.2021 23:24:25, the user with the id 315589755054063618 bought item First premium sound (id: 1) for 1000 CalutulCoins
At 22.5.2021 23:24:31, the user with the id 315589755054063618 bought item Second premium sound (id: 2) for 1000 CalutulCoins
